{
  "RSpec": {
    "coverage": {
      "/Users/blessingubogu/Projects/wk-10/bank-tech-test/spec/bank_account_spec.rb": {
        "lines": [
          1,
          null,
          1,
          11,
          9,
          1,
          null,
          1,
          10,
          10,
          null,
          null,
          1,
          1,
          null,
          null,
          1,
          2,
          null,
          1,
          4,
          1,
          1,
          1,
          null,
          null,
          1,
          2,
          null,
          null,
          1,
          2,
          null,
          null,
          null,
          null,
          1,
          2,
          null,
          1,
          1,
          4,
          1,
          1,
          null,
          null,
          1,
          1,
          2,
          null,
          null,
          1,
          2,
          null,
          null,
          1,
          2,
          null,
          null,
          null,
          null,
          null,
          null,
          null,
          null,
          null,
          null,
          null,
          null,
          null
        ]
      },
      "/Users/blessingubogu/Projects/wk-10/bank-tech-test/lib/bank_account.rb": {
        "lines": [
          1,
          1,
          1,
          null,
          1,
          1,
          null,
          1,
          10,
          10,
          null,
          null,
          1,
          7,
          6,
          null,
          5,
          5,
          null,
          null,
          null,
          1,
          5,
          4,
          3,
          null,
          2,
          2,
          null,
          null,
          null,
          1,
          1,
          0,
          null,
          null,
          null
        ]
      },
      "/Users/blessingubogu/Projects/wk-10/bank-tech-test/lib/statement.rb": {
        "lines": [
          1,
          1,
          1,
          1,
          null,
          1,
          5,
          null,
          null,
          1,
          2,
          null,
          null,
          1,
          1,
          null,
          null
        ]
      },
      "/Users/blessingubogu/Projects/wk-10/bank-tech-test/lib/printer.rb": {
        "lines": [
          1,
          1,
          1,
          null,
          1,
          1,
          1,
          2,
          1,
          null,
          null,
          1,
          4,
          null,
          null,
          1,
          4,
          null,
          null
        ]
      },
      "/Users/blessingubogu/Projects/wk-10/bank-tech-test/spec/printer_spec.rb": {
        "lines": [
          1,
          1,
          null,
          1,
          1,
          2,
          null,
          null,
          null
        ]
      },
      "/Users/blessingubogu/Projects/wk-10/bank-tech-test/spec/statement_spec.rb": {
        "lines": [
          1,
          1,
          null,
          1,
          1,
          null,
          null,
          1,
          1,
          1,
          1,
          1,
          1,
          1,
          null,
          null,
          null,
          1,
          1,
          1,
          1,
          1,
          1,
          1,
          1,
          null,
          null,
          null
        ]
      }
    },
    "timestamp": 1632921538
  }
}
